<?xml version="1.0" encoding="UTF-8"?>
<coverage generated="1765806710943" clover="3.2.0">
  <project timestamp="1765806710944" name="All files">
    <metrics statements="84" coveredstatements="49" conditionals="27" coveredconditionals="16" methods="18" coveredmethods="9" elements="129" coveredelements="74" complexity="0" loc="84" ncloc="84" packages="3" files="3" classes="3"/>
    <package name="enums">
      <metrics statements="31" coveredstatements="31" conditionals="4" coveredconditionals="4" methods="2" coveredmethods="2"/>
      <file name="permissions.ts" path="/home/delta-x/Quick-Cart/quick-cart-backend/src/shared/enums/permissions.ts">
        <metrics statements="31" coveredstatements="31" conditionals="4" coveredconditionals="4" methods="2" coveredmethods="2"/>
        <line num="2" count="1" type="cond" truecount="2" falsecount="0"/>
        <line num="3" count="1" type="stmt"/>
        <line num="4" count="1" type="stmt"/>
        <line num="5" count="1" type="stmt"/>
        <line num="6" count="1" type="stmt"/>
        <line num="9" count="1" type="cond" truecount="2" falsecount="0"/>
        <line num="11" count="1" type="stmt"/>
        <line num="12" count="1" type="stmt"/>
        <line num="13" count="1" type="stmt"/>
        <line num="14" count="1" type="stmt"/>
        <line num="17" count="1" type="stmt"/>
        <line num="18" count="1" type="stmt"/>
        <line num="19" count="1" type="stmt"/>
        <line num="20" count="1" type="stmt"/>
        <line num="21" count="1" type="stmt"/>
        <line num="22" count="1" type="stmt"/>
        <line num="25" count="1" type="stmt"/>
        <line num="26" count="1" type="stmt"/>
        <line num="27" count="1" type="stmt"/>
        <line num="28" count="1" type="stmt"/>
        <line num="29" count="1" type="stmt"/>
        <line num="32" count="1" type="stmt"/>
        <line num="33" count="1" type="stmt"/>
        <line num="34" count="1" type="stmt"/>
        <line num="35" count="1" type="stmt"/>
        <line num="36" count="1" type="stmt"/>
        <line num="39" count="1" type="stmt"/>
        <line num="40" count="1" type="stmt"/>
        <line num="43" count="1" type="stmt"/>
        <line num="44" count="1" type="stmt"/>
        <line num="48" count="1" type="stmt"/>
      </file>
    </package>
    <package name="guards">
      <metrics statements="35" coveredstatements="0" conditionals="9" coveredconditionals="0" methods="9" coveredmethods="0"/>
      <file name="rbac.guard.ts" path="/home/delta-x/Quick-Cart/quick-cart-backend/src/shared/guards/rbac.guard.ts">
        <metrics statements="35" coveredstatements="0" conditionals="9" coveredconditionals="0" methods="9" coveredmethods="0"/>
        <line num="13" count="0" type="stmt"/>
        <line num="20" count="0" type="stmt"/>
        <line num="25" count="0" type="stmt"/>
        <line num="27" count="0" type="cond" truecount="0" falsecount="1"/>
        <line num="28" count="0" type="stmt"/>
        <line num="34" count="0" type="cond" truecount="0" falsecount="1"/>
        <line num="35" count="0" type="stmt"/>
        <line num="42" count="0" type="stmt"/>
        <line num="50" count="0" type="stmt"/>
        <line num="55" count="0" type="stmt"/>
        <line num="57" count="0" type="cond" truecount="0" falsecount="1"/>
        <line num="58" count="0" type="stmt"/>
        <line num="64" count="0" type="cond" truecount="0" falsecount="1"/>
        <line num="65" count="0" type="stmt"/>
        <line num="72" count="0" type="stmt"/>
        <line num="80" count="0" type="stmt"/>
        <line num="85" count="0" type="stmt"/>
        <line num="87" count="0" type="cond" truecount="0" falsecount="1"/>
        <line num="88" count="0" type="stmt"/>
        <line num="94" count="0" type="cond" truecount="0" falsecount="1"/>
        <line num="97" count="0" type="stmt"/>
        <line num="104" count="0" type="stmt"/>
        <line num="116" count="0" type="stmt"/>
        <line num="121" count="0" type="stmt"/>
        <line num="123" count="0" type="cond" truecount="0" falsecount="1"/>
        <line num="124" count="0" type="stmt"/>
        <line num="130" count="0" type="stmt"/>
        <line num="131" count="0" type="stmt"/>
        <line num="133" count="0" type="cond" truecount="0" falsecount="1"/>
        <line num="134" count="0" type="stmt"/>
        <line num="140" count="0" type="cond" truecount="0" falsecount="1"/>
        <line num="141" count="0" type="stmt"/>
        <line num="147" count="0" type="stmt"/>
        <line num="149" count="0" type="stmt"/>
        <line num="159" count="0" type="stmt"/>
      </file>
    </package>
    <package name="services">
      <metrics statements="18" coveredstatements="18" conditionals="14" coveredconditionals="12" methods="7" coveredmethods="7"/>
      <file name="permission.service.ts" path="/home/delta-x/Quick-Cart/quick-cart-backend/src/shared/services/permission.service.ts">
        <metrics statements="18" coveredstatements="18" conditionals="14" coveredconditionals="12" methods="7" coveredmethods="7"/>
        <line num="1" count="1" type="stmt"/>
        <line num="9" count="1" type="stmt"/>
        <line num="15" count="13" type="cond" truecount="1" falsecount="0"/>
        <line num="16" count="2" type="stmt"/>
        <line num="20" count="11" type="cond" truecount="3" falsecount="0"/>
        <line num="21" count="2" type="stmt"/>
        <line num="25" count="9" type="cond" truecount="1" falsecount="1"/>
        <line num="26" count="9" type="stmt"/>
        <line num="33" count="2" type="stmt"/>
        <line num="34" count="3" type="stmt"/>
        <line num="42" count="2" type="stmt"/>
        <line num="43" count="4" type="stmt"/>
        <line num="54" count="4" type="stmt"/>
        <line num="65" count="4" type="cond" truecount="1" falsecount="0"/>
        <line num="66" count="1" type="stmt"/>
        <line num="69" count="3" type="cond" truecount="1" falsecount="1"/>
        <line num="70" count="3" type="cond" truecount="2" falsecount="0"/>
        <line num="73" count="3" type="stmt"/>
      </file>
    </package>
  </project>
</coverage>
