{"/home/delta-x/Quick-Cart/quick-cart-backend/src/shared/enums/permissions.ts": {"path":"/home/delta-x/Quick-Cart/quick-cart-backend/src/shared/enums/permissions.ts","statementMap":{"0":{"start":{"line":2,"column":0},"end":{"line":2,"column":null}},"1":{"start":{"line":3,"column":2},"end":{"line":3,"column":null}},"2":{"start":{"line":4,"column":2},"end":{"line":4,"column":null}},"3":{"start":{"line":5,"column":2},"end":{"line":5,"column":null}},"4":{"start":{"line":6,"column":2},"end":{"line":6,"column":null}},"5":{"start":{"line":9,"column":0},"end":{"line":9,"column":null}},"6":{"start":{"line":11,"column":2},"end":{"line":11,"column":null}},"7":{"start":{"line":12,"column":2},"end":{"line":12,"column":null}},"8":{"start":{"line":13,"column":2},"end":{"line":13,"column":null}},"9":{"start":{"line":14,"column":2},"end":{"line":14,"column":null}},"10":{"start":{"line":17,"column":2},"end":{"line":17,"column":null}},"11":{"start":{"line":18,"column":2},"end":{"line":18,"column":null}},"12":{"start":{"line":19,"column":2},"end":{"line":19,"column":null}},"13":{"start":{"line":20,"column":2},"end":{"line":20,"column":null}},"14":{"start":{"line":21,"column":2},"end":{"line":21,"column":null}},"15":{"start":{"line":22,"column":2},"end":{"line":22,"column":null}},"16":{"start":{"line":25,"column":2},"end":{"line":25,"column":null}},"17":{"start":{"line":26,"column":2},"end":{"line":26,"column":null}},"18":{"start":{"line":27,"column":2},"end":{"line":27,"column":null}},"19":{"start":{"line":28,"column":2},"end":{"line":28,"column":null}},"20":{"start":{"line":29,"column":2},"end":{"line":29,"column":null}},"21":{"start":{"line":32,"column":2},"end":{"line":32,"column":null}},"22":{"start":{"line":33,"column":2},"end":{"line":33,"column":null}},"23":{"start":{"line":34,"column":2},"end":{"line":34,"column":null}},"24":{"start":{"line":35,"column":2},"end":{"line":35,"column":null}},"25":{"start":{"line":36,"column":2},"end":{"line":36,"column":null}},"26":{"start":{"line":39,"column":2},"end":{"line":39,"column":null}},"27":{"start":{"line":40,"column":2},"end":{"line":40,"column":null}},"28":{"start":{"line":43,"column":2},"end":{"line":43,"column":null}},"29":{"start":{"line":44,"column":2},"end":{"line":44,"column":null}},"30":{"start":{"line":48,"column":13},"end":{"line":75,"column":2}}},"fnMap":{"0":{"name":"(anonymous_0)","decl":{"start":{"line":2,"column":0},"end":{"line":2,"column":12}},"loc":{"start":{"line":2,"column":20},"end":{"line":7,"column":1}}},"1":{"name":"(anonymous_1)","decl":{"start":{"line":9,"column":0},"end":{"line":9,"column":12}},"loc":{"start":{"line":9,"column":22},"end":{"line":45,"column":1}}}},"branchMap":{"0":{"loc":{"start":{"line":2,"column":12},"end":{"line":2,"column":null}},"type":"binary-expr","locations":[{"start":{"line":2,"column":12},"end":{"line":2,"column":20}},{"start":{"line":2,"column":20},"end":{"line":2,"column":null}}]},"1":{"loc":{"start":{"line":9,"column":12},"end":{"line":9,"column":null}},"type":"binary-expr","locations":[{"start":{"line":9,"column":12},"end":{"line":9,"column":22}},{"start":{"line":9,"column":22},"end":{"line":9,"column":null}}]}},"s":{"0":1,"1":1,"2":1,"3":1,"4":1,"5":1,"6":1,"7":1,"8":1,"9":1,"10":1,"11":1,"12":1,"13":1,"14":1,"15":1,"16":1,"17":1,"18":1,"19":1,"20":1,"21":1,"22":1,"23":1,"24":1,"25":1,"26":1,"27":1,"28":1,"29":1,"30":1},"f":{"0":1,"1":1},"b":{"0":[1,1],"1":[1,1]}}
,"/home/delta-x/Quick-Cart/quick-cart-backend/src/shared/guards/rbac.guard.ts": {"path":"/home/delta-x/Quick-Cart/quick-cart-backend/src/shared/guards/rbac.guard.ts","statementMap":{"0":{"start":{"line":13,"column":4},"end":{"line":13,"column":53}},"1":{"start":{"line":20,"column":4},"end":{"line":43,"column":6}},"2":{"start":{"line":25,"column":19},"end":{"line":25,"column":27}},"3":{"start":{"line":27,"column":6},"end":{"line":32,"column":7}},"4":{"start":{"line":28,"column":8},"end":{"line":31,"column":11}},"5":{"start":{"line":34,"column":6},"end":{"line":40,"column":7}},"6":{"start":{"line":35,"column":8},"end":{"line":39,"column":11}},"7":{"start":{"line":42,"column":6},"end":{"line":42,"column":13}},"8":{"start":{"line":50,"column":4},"end":{"line":73,"column":6}},"9":{"start":{"line":55,"column":19},"end":{"line":55,"column":27}},"10":{"start":{"line":57,"column":6},"end":{"line":62,"column":7}},"11":{"start":{"line":58,"column":8},"end":{"line":61,"column":11}},"12":{"start":{"line":64,"column":6},"end":{"line":70,"column":7}},"13":{"start":{"line":65,"column":8},"end":{"line":69,"column":11}},"14":{"start":{"line":72,"column":6},"end":{"line":72,"column":13}},"15":{"start":{"line":80,"column":4},"end":{"line":105,"column":6}},"16":{"start":{"line":85,"column":19},"end":{"line":85,"column":27}},"17":{"start":{"line":87,"column":6},"end":{"line":92,"column":7}},"18":{"start":{"line":88,"column":8},"end":{"line":91,"column":11}},"19":{"start":{"line":94,"column":6},"end":{"line":102,"column":7}},"20":{"start":{"line":97,"column":8},"end":{"line":101,"column":11}},"21":{"start":{"line":104,"column":6},"end":{"line":104,"column":13}},"22":{"start":{"line":116,"column":4},"end":{"line":154,"column":6}},"23":{"start":{"line":121,"column":19},"end":{"line":121,"column":27}},"24":{"start":{"line":123,"column":6},"end":{"line":128,"column":7}},"25":{"start":{"line":124,"column":8},"end":{"line":127,"column":11}},"26":{"start":{"line":130,"column":6},"end":{"line":153,"column":7}},"27":{"start":{"line":131,"column":25},"end":{"line":131,"column":50}},"28":{"start":{"line":133,"column":8},"end":{"line":138,"column":9}},"29":{"start":{"line":134,"column":10},"end":{"line":137,"column":13}},"30":{"start":{"line":140,"column":8},"end":{"line":145,"column":9}},"31":{"start":{"line":141,"column":10},"end":{"line":144,"column":13}},"32":{"start":{"line":147,"column":8},"end":{"line":147,"column":15}},"33":{"start":{"line":149,"column":8},"end":{"line":152,"column":11}},"34":{"start":{"line":159,"column":25},"end":{"line":159,"column":40}}},"fnMap":{"0":{"name":"(anonymous_0)","decl":{"start":{"line":12,"column":2},"end":{"line":12,"column":null}},"loc":{"start":{"line":12,"column":2},"end":{"line":14,"column":3}}},"1":{"name":"(anonymous_1)","decl":{"start":{"line":19,"column":2},"end":{"line":19,"column":19}},"loc":{"start":{"line":19,"column":50},"end":{"line":44,"column":3}}},"2":{"name":"(anonymous_2)","decl":{"start":{"line":20,"column":11},"end":{"line":20,"column":null}},"loc":{"start":{"line":24,"column":25},"end":{"line":43,"column":5}}},"3":{"name":"(anonymous_3)","decl":{"start":{"line":49,"column":2},"end":{"line":49,"column":22}},"loc":{"start":{"line":49,"column":56},"end":{"line":74,"column":3}}},"4":{"name":"(anonymous_4)","decl":{"start":{"line":50,"column":11},"end":{"line":50,"column":null}},"loc":{"start":{"line":54,"column":25},"end":{"line":73,"column":5}}},"5":{"name":"(anonymous_5)","decl":{"start":{"line":79,"column":2},"end":{"line":79,"column":23}},"loc":{"start":{"line":79,"column":57},"end":{"line":106,"column":3}}},"6":{"name":"(anonymous_6)","decl":{"start":{"line":80,"column":11},"end":{"line":80,"column":null}},"loc":{"start":{"line":84,"column":25},"end":{"line":105,"column":5}}},"7":{"name":"(anonymous_7)","decl":{"start":{"line":111,"column":2},"end":{"line":111,"column":18}},"loc":{"start":{"line":114,"column":80},"end":{"line":155,"column":3}}},"8":{"name":"(anonymous_8)","decl":{"start":{"line":116,"column":11},"end":{"line":116,"column":16}},"loc":{"start":{"line":120,"column":34},"end":{"line":154,"column":5}}}},"branchMap":{"0":{"loc":{"start":{"line":27,"column":6},"end":{"line":32,"column":7}},"type":"if","locations":[{"start":{"line":27,"column":6},"end":{"line":32,"column":7}}]},"1":{"loc":{"start":{"line":34,"column":6},"end":{"line":40,"column":7}},"type":"if","locations":[{"start":{"line":34,"column":6},"end":{"line":40,"column":7}}]},"2":{"loc":{"start":{"line":57,"column":6},"end":{"line":62,"column":7}},"type":"if","locations":[{"start":{"line":57,"column":6},"end":{"line":62,"column":7}}]},"3":{"loc":{"start":{"line":64,"column":6},"end":{"line":70,"column":7}},"type":"if","locations":[{"start":{"line":64,"column":6},"end":{"line":70,"column":7}}]},"4":{"loc":{"start":{"line":87,"column":6},"end":{"line":92,"column":7}},"type":"if","locations":[{"start":{"line":87,"column":6},"end":{"line":92,"column":7}}]},"5":{"loc":{"start":{"line":94,"column":6},"end":{"line":102,"column":7}},"type":"if","locations":[{"start":{"line":94,"column":6},"end":{"line":102,"column":7}}]},"6":{"loc":{"start":{"line":123,"column":6},"end":{"line":128,"column":7}},"type":"if","locations":[{"start":{"line":123,"column":6},"end":{"line":128,"column":7}}]},"7":{"loc":{"start":{"line":133,"column":8},"end":{"line":138,"column":9}},"type":"if","locations":[{"start":{"line":133,"column":8},"end":{"line":138,"column":9}}]},"8":{"loc":{"start":{"line":140,"column":8},"end":{"line":145,"column":9}},"type":"if","locations":[{"start":{"line":140,"column":8},"end":{"line":145,"column":9}}]}},"s":{"0":0,"1":0,"2":0,"3":0,"4":0,"5":0,"6":0,"7":0,"8":0,"9":0,"10":0,"11":0,"12":0,"13":0,"14":0,"15":0,"16":0,"17":0,"18":0,"19":0,"20":0,"21":0,"22":0,"23":0,"24":0,"25":0,"26":0,"27":0,"28":0,"29":0,"30":0,"31":0,"32":0,"33":0,"34":0},"f":{"0":0,"1":0,"2":0,"3":0,"4":0,"5":0,"6":0,"7":0,"8":0},"b":{"0":[0],"1":[0],"2":[0],"3":[0],"4":[0],"5":[0],"6":[0],"7":[0],"8":[0]}}
,"/home/delta-x/Quick-Cart/quick-cart-backend/src/shared/services/permission.service.ts": {"path":"/home/delta-x/Quick-Cart/quick-cart-backend/src/shared/services/permission.service.ts","statementMap":{"0":{"start":{"line":1,"column":0},"end":{"line":1,"column":80}},"1":{"start":{"line":15,"column":4},"end":{"line":17,"column":5}},"2":{"start":{"line":16,"column":6},"end":{"line":16,"column":18}},"3":{"start":{"line":20,"column":4},"end":{"line":22,"column":5}},"4":{"start":{"line":21,"column":6},"end":{"line":21,"column":18}},"5":{"start":{"line":25,"column":28},"end":{"line":25,"column":60}},"6":{"start":{"line":26,"column":4},"end":{"line":26,"column":56}},"7":{"start":{"line":33,"column":4},"end":{"line":35,"column":6}},"8":{"start":{"line":34,"column":6},"end":{"line":34,"column":42}},"9":{"start":{"line":42,"column":4},"end":{"line":44,"column":6}},"10":{"start":{"line":43,"column":6},"end":{"line":43,"column":42}},"11":{"start":{"line":54,"column":4},"end":{"line":58,"column":6}},"12":{"start":{"line":65,"column":4},"end":{"line":67,"column":5}},"13":{"start":{"line":66,"column":6},"end":{"line":66,"column":39}},"14":{"start":{"line":69,"column":28},"end":{"line":69,"column":60}},"15":{"start":{"line":70,"column":30},"end":{"line":70,"column":52}},"16":{"start":{"line":73,"column":4},"end":{"line":73,"column":68}},"17":{"start":{"line":9,"column":0},"end":{"line":9,"column":13}}},"fnMap":{"0":{"name":"(anonymous_0)","decl":{"start":{"line":13,"column":2},"end":{"line":13,"column":15}},"loc":{"start":{"line":13,"column":58},"end":{"line":27,"column":3}}},"1":{"name":"(anonymous_1)","decl":{"start":{"line":32,"column":2},"end":{"line":32,"column":18}},"loc":{"start":{"line":32,"column":64},"end":{"line":36,"column":3}}},"2":{"name":"(anonymous_2)","decl":{"start":{"line":33,"column":36},"end":{"line":33,"column":37}},"loc":{"start":{"line":34,"column":6},"end":{"line":34,"column":42}}},"3":{"name":"(anonymous_3)","decl":{"start":{"line":41,"column":2},"end":{"line":41,"column":19}},"loc":{"start":{"line":41,"column":65},"end":{"line":45,"column":3}}},"4":{"name":"(anonymous_4)","decl":{"start":{"line":42,"column":37},"end":{"line":42,"column":38}},"loc":{"start":{"line":43,"column":6},"end":{"line":43,"column":42}}},"5":{"name":"(anonymous_5)","decl":{"start":{"line":50,"column":2},"end":{"line":50,"column":16}},"loc":{"start":{"line":52,"column":70},"end":{"line":59,"column":3}}},"6":{"name":"(anonymous_6)","decl":{"start":{"line":64,"column":2},"end":{"line":64,"column":20}},"loc":{"start":{"line":64,"column":31},"end":{"line":74,"column":3}}}},"branchMap":{"0":{"loc":{"start":{"line":15,"column":4},"end":{"line":17,"column":5}},"type":"if","locations":[{"start":{"line":15,"column":4},"end":{"line":17,"column":5}}]},"1":{"loc":{"start":{"line":20,"column":4},"end":{"line":22,"column":5}},"type":"if","locations":[{"start":{"line":20,"column":4},"end":{"line":22,"column":5}}]},"2":{"loc":{"start":{"line":20,"column":8},"end":{"line":20,"column":73}},"type":"binary-expr","locations":[{"start":{"line":20,"column":8},"end":{"line":20,"column":24}},{"start":{"line":20,"column":28},"end":{"line":20,"column":73}}]},"3":{"loc":{"start":{"line":25,"column":28},"end":{"line":25,"column":60}},"type":"binary-expr","locations":[{"start":{"line":25,"column":28},"end":{"line":25,"column":54}},{"start":{"line":25,"column":58},"end":{"line":25,"column":60}}]},"4":{"loc":{"start":{"line":55,"column":6},"end":{"line":57,"column":33}},"type":"binary-expr","locations":[{"start":{"line":55,"column":6},"end":{"line":55,"column":34}},{"start":{"line":56,"column":6},"end":{"line":56,"column":32}},{"start":{"line":57,"column":6},"end":{"line":57,"column":33}}]},"5":{"loc":{"start":{"line":65,"column":4},"end":{"line":67,"column":5}},"type":"if","locations":[{"start":{"line":65,"column":4},"end":{"line":67,"column":5}}]},"6":{"loc":{"start":{"line":69,"column":28},"end":{"line":69,"column":60}},"type":"binary-expr","locations":[{"start":{"line":69,"column":28},"end":{"line":69,"column":54}},{"start":{"line":69,"column":58},"end":{"line":69,"column":60}}]},"7":{"loc":{"start":{"line":70,"column":30},"end":{"line":70,"column":52}},"type":"binary-expr","locations":[{"start":{"line":70,"column":30},"end":{"line":70,"column":46}},{"start":{"line":70,"column":50},"end":{"line":70,"column":52}}]}},"s":{"0":1,"1":13,"2":2,"3":11,"4":2,"5":9,"6":9,"7":2,"8":3,"9":2,"10":4,"11":4,"12":4,"13":1,"14":3,"15":3,"16":3,"17":1},"f":{"0":13,"1":2,"2":3,"3":2,"4":4,"5":4,"6":4},"b":{"0":[2],"1":[2],"2":[11,2],"3":[9,0],"4":[4,3,2],"5":[1],"6":[3,0],"7":[3,1]}}
}
