TN:
SF:src/shared/enums/permissions.ts
FN:2,(anonymous_0)
FN:9,(anonymous_1)
FNF:2
FNH:2
FNDA:1,(anonymous_0)
FNDA:1,(anonymous_1)
DA:2,1
DA:3,1
DA:4,1
DA:5,1
DA:6,1
DA:9,1
DA:11,1
DA:12,1
DA:13,1
DA:14,1
DA:17,1
DA:18,1
DA:19,1
DA:20,1
DA:21,1
DA:22,1
DA:25,1
DA:26,1
DA:27,1
DA:28,1
DA:29,1
DA:32,1
DA:33,1
DA:34,1
DA:35,1
DA:36,1
DA:39,1
DA:40,1
DA:43,1
DA:44,1
DA:48,1
LF:31
LH:31
BRDA:2,0,0,1
BRDA:2,0,1,1
BRDA:9,1,0,1
BRDA:9,1,1,1
BRF:4
BRH:4
end_of_record
TN:
SF:src/shared/guards/rbac.guard.ts
FN:12,(anonymous_0)
FN:19,(anonymous_1)
FN:20,(anonymous_2)
FN:49,(anonymous_3)
FN:50,(anonymous_4)
FN:79,(anonymous_5)
FN:80,(anonymous_6)
FN:111,(anonymous_7)
FN:116,(anonymous_8)
FNF:9
FNH:0
FNDA:0,(anonymous_0)
FNDA:0,(anonymous_1)
FNDA:0,(anonymous_2)
FNDA:0,(anonymous_3)
FNDA:0,(anonymous_4)
FNDA:0,(anonymous_5)
FNDA:0,(anonymous_6)
FNDA:0,(anonymous_7)
FNDA:0,(anonymous_8)
DA:13,0
DA:20,0
DA:25,0
DA:27,0
DA:28,0
DA:34,0
DA:35,0
DA:42,0
DA:50,0
DA:55,0
DA:57,0
DA:58,0
DA:64,0
DA:65,0
DA:72,0
DA:80,0
DA:85,0
DA:87,0
DA:88,0
DA:94,0
DA:97,0
DA:104,0
DA:116,0
DA:121,0
DA:123,0
DA:124,0
DA:130,0
DA:131,0
DA:133,0
DA:134,0
DA:140,0
DA:141,0
DA:147,0
DA:149,0
DA:159,0
LF:35
LH:0
BRDA:27,0,0,0
BRDA:34,1,0,0
BRDA:57,2,0,0
BRDA:64,3,0,0
BRDA:87,4,0,0
BRDA:94,5,0,0
BRDA:123,6,0,0
BRDA:133,7,0,0
BRDA:140,8,0,0
BRF:9
BRH:0
end_of_record
TN:
SF:src/shared/services/permission.service.ts
FN:13,(anonymous_0)
FN:32,(anonymous_1)
FN:33,(anonymous_2)
FN:41,(anonymous_3)
FN:42,(anonymous_4)
FN:50,(anonymous_5)
FN:64,(anonymous_6)
FNF:7
FNH:7
FNDA:13,(anonymous_0)
FNDA:2,(anonymous_1)
FNDA:3,(anonymous_2)
FNDA:2,(anonymous_3)
FNDA:4,(anonymous_4)
FNDA:4,(anonymous_5)
FNDA:4,(anonymous_6)
DA:1,1
DA:9,1
DA:15,13
DA:16,2
DA:20,11
DA:21,2
DA:25,9
DA:26,9
DA:33,2
DA:34,3
DA:42,2
DA:43,4
DA:54,4
DA:65,4
DA:66,1
DA:69,3
DA:70,3
DA:73,3
LF:18
LH:18
BRDA:15,0,0,2
BRDA:20,1,0,2
BRDA:20,2,0,11
BRDA:20,2,1,2
BRDA:25,3,0,9
BRDA:25,3,1,0
BRDA:55,4,0,4
BRDA:55,4,1,3
BRDA:55,4,2,2
BRDA:65,5,0,1
BRDA:69,6,0,3
BRDA:69,6,1,0
BRDA:70,7,0,3
BRDA:70,7,1,1
BRF:14
BRH:12
end_of_record
